Generated at 2017-05-24 12:19:31 -0700
Net::HTTPServerException: 412 "Precondition Failed"
/opt/chefdk/embedded/lib/ruby/2.1.0/net/http/response.rb:119:in `error!'
/opt/chefdk/embedded/lib/ruby/gems/2.1.0/gems/chef-12.12.15/lib/chef/http.rb:146:in `request'
/opt/chefdk/embedded/lib/ruby/gems/2.1.0/gems/chef-12.12.15/lib/chef/http.rb:127:in `post'
/opt/chefdk/embedded/lib/ruby/gems/2.1.0/gems/chef-12.12.15/lib/chef/policy_builder/expand_node_object.rb:204:in `sync_cookbooks'
/opt/chefdk/embedded/lib/ruby/gems/2.1.0/gems/chef-12.12.15/lib/chef/policy_builder/expand_node_object.rb:83:in `setup_run_context'
/opt/chefdk/embedded/lib/ruby/gems/2.1.0/gems/chef-12.12.15/lib/chef/client.rb:510:in `setup_run_context'
/opt/chefdk/embedded/lib/ruby/gems/2.1.0/gems/chef-12.12.15/lib/chef/client.rb:280:in `run'
/opt/chefdk/embedded/lib/ruby/gems/2.1.0/gems/chef-12.12.15/lib/chef/application.rb:286:in `block in fork_chef_client'
/opt/chefdk/embedded/lib/ruby/gems/2.1.0/gems/chef-12.12.15/lib/chef/application.rb:274:in `fork'
/opt/chefdk/embedded/lib/ruby/gems/2.1.0/gems/chef-12.12.15/lib/chef/application.rb:274:in `fork_chef_client'
/opt/chefdk/embedded/lib/ruby/gems/2.1.0/gems/chef-12.12.15/lib/chef/application.rb:239:in `block in run_chef_client'
/opt/chefdk/embedded/lib/ruby/gems/2.1.0/gems/chef-12.12.15/lib/chef/local_mode.rb:44:in `with_server_connectivity'
/opt/chefdk/embedded/lib/ruby/gems/2.1.0/gems/chef-12.12.15/lib/chef/application.rb:227:in `run_chef_client'
/opt/chefdk/embedded/lib/ruby/gems/2.1.0/gems/chef-12.12.15/lib/chef/application/client.rb:456:in `sleep_then_run_chef_client'
/opt/chefdk/embedded/lib/ruby/gems/2.1.0/gems/chef-12.12.15/lib/chef/application/client.rb:443:in `block in interval_run_chef_client'
/opt/chefdk/embedded/lib/ruby/gems/2.1.0/gems/chef-12.12.15/lib/chef/application/client.rb:442:in `loop'
/opt/chefdk/embedded/lib/ruby/gems/2.1.0/gems/chef-12.12.15/lib/chef/application/client.rb:442:in `interval_run_chef_client'
/opt/chefdk/embedded/lib/ruby/gems/2.1.0/gems/chef-12.12.15/lib/chef/application/client.rb:426:in `run_application'
/opt/chefdk/embedded/lib/ruby/gems/2.1.0/gems/chef-12.12.15/lib/chef/application.rb:59:in `run'
/opt/chefdk/embedded/lib/ruby/gems/2.1.0/gems/chef-12.12.15/bin/chef-client:26:in `<top (required)>'
/usr/bin/chef-client:52:in `load'
/usr/bin/chef-client:52:in `<main>'